2019-01-23 12:49:25,979 CRIT Supervisor running as root (no user in config file)
2019-01-23 12:49:25,980 INFO Included extra file "/etc/supervisor/conf.d/supervisord.conf" during parsing
2019-01-23 12:49:26,029 INFO RPC interface 'supervisor' initialized
2019-01-23 12:49:26,029 CRIT Server 'unix_http_server' running without any HTTP authentication checking
2019-01-23 12:49:26,030 INFO supervisord started with pid 1
2019-01-23 12:49:27,042 INFO spawned: 'varnishd' with pid 15
2019-01-23 12:49:27,050 INFO spawned: 'php-fpm' with pid 16
2019-01-23 12:49:27,057 INFO spawned: 'varnish-plugins-watcher' with pid 17
2019-01-23 12:49:27,066 INFO spawned: 'nginx' with pid 18
2019-01-23 12:49:27,078 INFO spawned: 'MailHog' with pid 19
2019-01-23 12:49:27,121 INFO spawned: 'mysql' with pid 20
2019-01-23 12:49:27,139 INFO spawned: 'varnish-themes-watcher' with pid 21
2019-01-23 12:49:28,402 INFO success: varnishd entered RUNNING state, process has stayed up for > than 1 seconds (startsecs)
2019-01-23 12:49:28,403 INFO success: php-fpm entered RUNNING state, process has stayed up for > than 1 seconds (startsecs)
2019-01-23 12:49:28,403 INFO success: varnish-plugins-watcher entered RUNNING state, process has stayed up for > than 1 seconds (startsecs)
2019-01-23 12:49:28,404 INFO success: nginx entered RUNNING state, process has stayed up for > than 1 seconds (startsecs)
2019-01-23 12:49:28,404 INFO success: MailHog entered RUNNING state, process has stayed up for > than 1 seconds (startsecs)
2019-01-23 12:49:28,405 INFO success: mysql entered RUNNING state, process has stayed up for > than 1 seconds (startsecs)
2019-01-23 12:49:28,405 INFO success: varnish-themes-watcher entered RUNNING state, process has stayed up for > than 1 seconds (startsecs)
2019-01-23 13:28:01,884 WARN received SIGTERM indicating exit request
2019-01-23 13:28:01,888 INFO waiting for varnishd, php-fpm, varnish-plugins-watcher, nginx, MailHog, mysql, varnish-themes-watcher to die
2019-01-23 13:28:02,902 INFO stopped: varnish-themes-watcher (terminated by SIGTERM)
2019-01-23 13:28:03,078 INFO stopped: mysql (exit status 0)
2019-01-23 13:28:03,082 INFO stopped: MailHog (terminated by SIGTERM)
2019-01-23 13:28:03,094 INFO stopped: nginx (exit status 0)
2019-01-23 13:28:04,100 INFO stopped: varnish-plugins-watcher (terminated by SIGTERM)
2019-01-23 13:28:04,129 INFO stopped: php-fpm (exit status 0)
2019-01-23 13:28:04,665 INFO reaped unknown pid 31
2019-01-23 13:28:05,184 INFO waiting for varnishd to die
2019-01-23 13:28:05,397 INFO stopped: varnishd (exit status 0)
2019-01-23 13:28:35,516 CRIT Supervisor running as root (no user in config file)
2019-01-23 13:28:35,519 INFO Included extra file "/etc/supervisor/conf.d/supervisord.conf" during parsing
2019-01-23 13:28:35,875 INFO RPC interface 'supervisor' initialized
2019-01-23 13:28:35,890 CRIT Server 'unix_http_server' running without any HTTP authentication checking
2019-01-23 13:28:35,896 INFO supervisord started with pid 1
2019-01-23 13:28:36,904 INFO spawned: 'varnishd' with pid 52
2019-01-23 13:28:36,911 INFO spawned: 'php-fpm' with pid 53
2019-01-23 13:28:36,918 INFO spawned: 'varnish-plugins-watcher' with pid 54
2019-01-23 13:28:36,928 INFO spawned: 'nginx' with pid 55
2019-01-23 13:28:36,943 INFO spawned: 'MailHog' with pid 56
2019-01-23 13:28:36,961 INFO spawned: 'mysql' with pid 57
2019-01-23 13:28:36,999 INFO spawned: 'varnish-themes-watcher' with pid 59
2019-01-23 13:28:38,333 INFO success: varnishd entered RUNNING state, process has stayed up for > than 1 seconds (startsecs)
2019-01-23 13:28:38,334 INFO success: php-fpm entered RUNNING state, process has stayed up for > than 1 seconds (startsecs)
2019-01-23 13:28:38,334 INFO success: varnish-plugins-watcher entered RUNNING state, process has stayed up for > than 1 seconds (startsecs)
2019-01-23 13:28:38,335 INFO success: nginx entered RUNNING state, process has stayed up for > than 1 seconds (startsecs)
2019-01-23 13:28:38,335 INFO success: MailHog entered RUNNING state, process has stayed up for > than 1 seconds (startsecs)
2019-01-23 13:28:38,335 INFO success: mysql entered RUNNING state, process has stayed up for > than 1 seconds (startsecs)
2019-01-23 13:28:38,336 INFO success: varnish-themes-watcher entered RUNNING state, process has stayed up for > than 1 seconds (startsecs)
2019-01-23 13:30:27,754 WARN received SIGTERM indicating exit request
2019-01-23 13:30:27,755 INFO waiting for varnishd, php-fpm, varnish-plugins-watcher, nginx, MailHog, mysql, varnish-themes-watcher to die
2019-01-23 13:30:28,757 INFO stopped: varnish-themes-watcher (terminated by SIGTERM)
2019-01-23 13:30:28,785 INFO stopped: mysql (exit status 0)
2019-01-23 13:30:28,788 INFO stopped: MailHog (terminated by SIGTERM)
2019-01-23 13:30:28,793 INFO stopped: nginx (exit status 0)
2019-01-23 13:30:29,797 INFO stopped: varnish-plugins-watcher (terminated by SIGTERM)
2019-01-23 13:30:29,834 INFO stopped: php-fpm (exit status 0)
2019-01-23 13:30:30,841 INFO waiting for varnishd to die
2019-01-23 13:30:31,094 INFO stopped: varnishd (exit status 0)
2019-01-26 07:22:11,726 CRIT Supervisor running as root (no user in config file)
2019-01-26 07:22:11,740 INFO Included extra file "/etc/supervisor/conf.d/supervisord.conf" during parsing
2019-01-26 07:22:11,981 INFO RPC interface 'supervisor' initialized
2019-01-26 07:22:11,987 CRIT Server 'unix_http_server' running without any HTTP authentication checking
2019-01-26 07:22:11,992 INFO supervisord started with pid 1
2019-01-26 07:22:12,998 INFO spawned: 'varnishd' with pid 21
2019-01-26 07:22:13,020 INFO spawned: 'php-fpm' with pid 22
2019-01-26 07:22:13,030 INFO spawned: 'varnish-plugins-watcher' with pid 23
2019-01-26 07:22:13,075 INFO spawned: 'nginx' with pid 24
2019-01-26 07:22:13,085 INFO spawned: 'MailHog' with pid 25
2019-01-26 07:22:13,095 INFO spawned: 'mysql' with pid 26
2019-01-26 07:22:13,102 INFO spawned: 'varnish-themes-watcher' with pid 27
2019-01-26 07:22:14,164 INFO success: varnishd entered RUNNING state, process has stayed up for > than 1 seconds (startsecs)
2019-01-26 07:22:14,165 INFO success: php-fpm entered RUNNING state, process has stayed up for > than 1 seconds (startsecs)
2019-01-26 07:22:14,166 INFO success: varnish-plugins-watcher entered RUNNING state, process has stayed up for > than 1 seconds (startsecs)
2019-01-26 07:22:14,167 INFO success: nginx entered RUNNING state, process has stayed up for > than 1 seconds (startsecs)
2019-01-26 07:22:14,168 INFO success: MailHog entered RUNNING state, process has stayed up for > than 1 seconds (startsecs)
2019-01-26 07:22:14,168 INFO success: mysql entered RUNNING state, process has stayed up for > than 1 seconds (startsecs)
2019-01-26 07:22:14,169 INFO success: varnish-themes-watcher entered RUNNING state, process has stayed up for > than 1 seconds (startsecs)
2019-01-26 13:14:55,601 WARN received SIGTERM indicating exit request
2019-01-26 13:14:55,602 INFO waiting for varnishd, php-fpm, varnish-plugins-watcher, nginx, MailHog, mysql, varnish-themes-watcher to die
2019-01-26 13:14:56,606 INFO stopped: varnish-themes-watcher (terminated by SIGTERM)
2019-01-26 13:14:56,676 INFO stopped: mysql (exit status 0)
2019-01-26 13:14:56,680 INFO stopped: MailHog (terminated by SIGTERM)
2019-01-26 13:14:56,755 INFO stopped: nginx (exit status 0)
2019-01-26 13:14:56,838 INFO stopped: varnish-plugins-watcher (terminated by SIGTERM)
2019-01-26 13:14:56,865 WARN received SIGTERM indicating exit request
2019-01-26 13:14:56,936 INFO stopped: php-fpm (exit status 0)
2019-01-26 13:14:56,970 INFO reaped unknown pid 17219
2019-01-26 13:14:56,972 INFO reaped unknown pid 17220
2019-01-26 13:14:58,230 INFO stopped: varnishd (exit status 0)
2019-01-29 08:45:55,487 CRIT Supervisor running as root (no user in config file)
2019-01-29 08:45:55,512 INFO Included extra file "/etc/supervisor/conf.d/supervisord.conf" during parsing
2019-01-29 08:45:55,902 INFO RPC interface 'supervisor' initialized
2019-01-29 08:45:55,911 CRIT Server 'unix_http_server' running without any HTTP authentication checking
2019-01-29 08:45:55,913 INFO supervisord started with pid 1
2019-01-29 08:45:56,924 INFO spawned: 'varnishd' with pid 68
2019-01-29 08:45:56,967 INFO spawned: 'php-fpm' with pid 69
2019-01-29 08:45:56,975 INFO spawned: 'varnish-plugins-watcher' with pid 70
2019-01-29 08:45:57,107 INFO spawned: 'nginx' with pid 73
2019-01-29 08:45:57,135 INFO spawned: 'MailHog' with pid 74
2019-01-29 08:45:57,154 INFO spawned: 'mysql' with pid 75
2019-01-29 08:45:57,174 INFO spawned: 'varnish-themes-watcher' with pid 76
2019-01-29 08:45:58,653 INFO success: varnishd entered RUNNING state, process has stayed up for > than 1 seconds (startsecs)
2019-01-29 08:45:58,654 INFO success: php-fpm entered RUNNING state, process has stayed up for > than 1 seconds (startsecs)
2019-01-29 08:45:58,654 INFO success: varnish-plugins-watcher entered RUNNING state, process has stayed up for > than 1 seconds (startsecs)
2019-01-29 08:45:58,655 INFO success: nginx entered RUNNING state, process has stayed up for > than 1 seconds (startsecs)
2019-01-29 08:45:58,655 INFO success: MailHog entered RUNNING state, process has stayed up for > than 1 seconds (startsecs)
2019-01-29 08:45:58,656 INFO success: mysql entered RUNNING state, process has stayed up for > than 1 seconds (startsecs)
2019-01-29 08:45:58,656 INFO success: varnish-themes-watcher entered RUNNING state, process has stayed up for > than 1 seconds (startsecs)
2019-01-29 08:46:12,075 WARN received SIGTERM indicating exit request
2019-01-29 08:46:12,079 INFO waiting for varnishd, php-fpm, varnish-plugins-watcher, nginx, MailHog, mysql, varnish-themes-watcher to die
2019-01-29 08:46:12,464 INFO stopped: varnish-themes-watcher (terminated by SIGTERM)
2019-01-29 08:46:12,482 INFO reaped unknown pid 165
2019-01-29 08:46:12,583 INFO stopped: mysql (exit status 0)
2019-01-29 08:46:12,599 INFO stopped: MailHog (terminated by SIGTERM)
2019-01-29 08:46:12,614 INFO stopped: nginx (exit status 0)
2019-01-29 08:46:13,044 INFO stopped: varnish-plugins-watcher (terminated by SIGTERM)
2019-01-29 08:46:13,084 INFO stopped: php-fpm (exit status 0)
2019-01-29 08:46:14,429 INFO stopped: varnishd (exit status 0)
2019-01-29 08:46:20,469 CRIT Supervisor running as root (no user in config file)
2019-01-29 08:46:20,471 INFO Included extra file "/etc/supervisor/conf.d/supervisord.conf" during parsing
2019-01-29 08:46:20,698 INFO RPC interface 'supervisor' initialized
2019-01-29 08:46:20,715 CRIT Server 'unix_http_server' running without any HTTP authentication checking
2019-01-29 08:46:20,773 INFO supervisord started with pid 1
2019-01-29 08:46:21,780 INFO spawned: 'varnishd' with pid 53
2019-01-29 08:46:21,789 INFO spawned: 'php-fpm' with pid 54
2019-01-29 08:46:21,801 INFO spawned: 'varnish-plugins-watcher' with pid 55
2019-01-29 08:46:21,832 INFO spawned: 'nginx' with pid 56
2019-01-29 08:46:21,848 INFO spawned: 'MailHog' with pid 57
2019-01-29 08:46:21,894 INFO spawned: 'mysql' with pid 58
2019-01-29 08:46:21,918 INFO spawned: 'varnish-themes-watcher' with pid 59
2019-01-29 08:46:23,248 INFO success: varnishd entered RUNNING state, process has stayed up for > than 1 seconds (startsecs)
2019-01-29 08:46:23,249 INFO success: php-fpm entered RUNNING state, process has stayed up for > than 1 seconds (startsecs)
2019-01-29 08:46:23,250 INFO success: varnish-plugins-watcher entered RUNNING state, process has stayed up for > than 1 seconds (startsecs)
2019-01-29 08:46:23,250 INFO success: nginx entered RUNNING state, process has stayed up for > than 1 seconds (startsecs)
2019-01-29 08:46:23,250 INFO success: MailHog entered RUNNING state, process has stayed up for > than 1 seconds (startsecs)
2019-01-29 08:46:23,251 INFO success: mysql entered RUNNING state, process has stayed up for > than 1 seconds (startsecs)
2019-01-29 08:46:23,251 INFO success: varnish-themes-watcher entered RUNNING state, process has stayed up for > than 1 seconds (startsecs)
2019-01-29 08:46:40,287 WARN received SIGTERM indicating exit request
2019-01-29 08:46:40,288 INFO waiting for varnishd, php-fpm, varnish-plugins-watcher, nginx, MailHog, mysql, varnish-themes-watcher to die
2019-01-29 08:46:41,290 INFO stopped: varnish-themes-watcher (terminated by SIGTERM)
2019-01-29 08:46:41,343 INFO stopped: mysql (exit status 0)
2019-01-29 08:46:41,347 INFO stopped: MailHog (terminated by SIGTERM)
2019-01-29 08:46:41,352 INFO stopped: nginx (exit status 0)
2019-01-29 08:46:42,060 INFO stopped: varnish-plugins-watcher (terminated by SIGTERM)
2019-01-29 08:46:42,061 INFO reaped unknown pid 358
2019-01-29 08:46:42,079 INFO stopped: php-fpm (exit status 0)
2019-01-29 08:46:42,141 INFO reaped unknown pid 360
2019-01-29 08:46:42,707 INFO reaped unknown pid 75
2019-01-29 08:46:43,553 INFO waiting for varnishd to die
2019-01-29 08:46:43,555 INFO stopped: varnishd (exit status 0)
2019-01-29 08:48:47,869 CRIT Supervisor running as root (no user in config file)
2019-01-29 08:48:47,871 INFO Included extra file "/etc/supervisor/conf.d/supervisord.conf" during parsing
2019-01-29 08:48:47,993 INFO RPC interface 'supervisor' initialized
2019-01-29 08:48:47,994 CRIT Server 'unix_http_server' running without any HTTP authentication checking
2019-01-29 08:48:47,994 INFO supervisord started with pid 1
2019-01-29 08:48:49,011 INFO spawned: 'varnishd' with pid 55
2019-01-29 08:48:49,031 INFO spawned: 'php-fpm' with pid 56
2019-01-29 08:48:49,046 INFO spawned: 'varnish-plugins-watcher' with pid 57
2019-01-29 08:48:49,078 INFO spawned: 'nginx' with pid 58
2019-01-29 08:48:49,133 INFO spawned: 'MailHog' with pid 59
2019-01-29 08:48:49,146 INFO spawned: 'mysql' with pid 60
2019-01-29 08:48:49,181 INFO spawned: 'varnish-themes-watcher' with pid 61
2019-01-29 08:48:50,604 INFO success: varnishd entered RUNNING state, process has stayed up for > than 1 seconds (startsecs)
2019-01-29 08:48:50,605 INFO success: php-fpm entered RUNNING state, process has stayed up for > than 1 seconds (startsecs)
2019-01-29 08:48:50,605 INFO success: varnish-plugins-watcher entered RUNNING state, process has stayed up for > than 1 seconds (startsecs)
2019-01-29 08:48:50,606 INFO success: nginx entered RUNNING state, process has stayed up for > than 1 seconds (startsecs)
2019-01-29 08:48:50,606 INFO success: MailHog entered RUNNING state, process has stayed up for > than 1 seconds (startsecs)
2019-01-29 08:48:50,607 INFO success: mysql entered RUNNING state, process has stayed up for > than 1 seconds (startsecs)
2019-01-29 08:48:50,607 INFO success: varnish-themes-watcher entered RUNNING state, process has stayed up for > than 1 seconds (startsecs)
2019-02-02 13:31:11,927 WARN received SIGTERM indicating exit request
2019-02-02 13:31:11,960 INFO waiting for varnishd, php-fpm, varnish-plugins-watcher, nginx, MailHog, mysql, varnish-themes-watcher to die
2019-02-02 13:31:12,962 INFO stopped: varnish-themes-watcher (terminated by SIGTERM)
2019-02-02 13:31:13,051 INFO stopped: mysql (exit status 0)
2019-02-02 13:31:13,065 INFO stopped: MailHog (terminated by SIGTERM)
2019-02-02 13:31:13,071 INFO stopped: nginx (exit status 0)
2019-02-02 13:31:13,947 INFO stopped: varnish-plugins-watcher (terminated by SIGTERM)
2019-02-02 13:31:13,948 INFO reaped unknown pid 30728
2019-02-02 13:31:14,061 INFO stopped: php-fpm (exit status 0)
2019-02-02 13:31:14,127 INFO reaped unknown pid 30730
2019-02-02 13:31:15,098 INFO waiting for varnishd to die
2019-02-02 13:31:15,266 INFO stopped: varnishd (exit status 0)
2019-02-03 06:21:39,649 CRIT Supervisor running as root (no user in config file)
2019-02-03 06:21:39,664 INFO Included extra file "/etc/supervisor/conf.d/supervisord.conf" during parsing
2019-02-03 06:21:40,018 INFO RPC interface 'supervisor' initialized
2019-02-03 06:21:40,020 CRIT Server 'unix_http_server' running without any HTTP authentication checking
2019-02-03 06:21:40,020 INFO supervisord started with pid 1
2019-02-03 06:21:41,028 INFO spawned: 'varnishd' with pid 61
2019-02-03 06:21:41,075 INFO spawned: 'php-fpm' with pid 62
2019-02-03 06:21:41,088 INFO spawned: 'varnish-plugins-watcher' with pid 63
2019-02-03 06:21:41,172 INFO spawned: 'nginx' with pid 64
2019-02-03 06:21:41,181 INFO spawned: 'MailHog' with pid 65
2019-02-03 06:21:41,191 INFO spawned: 'mysql' with pid 66
2019-02-03 06:21:41,214 INFO spawned: 'varnish-themes-watcher' with pid 67
2019-02-03 06:21:42,060 INFO success: varnishd entered RUNNING state, process has stayed up for > than 1 seconds (startsecs)
2019-02-03 06:21:42,061 INFO success: php-fpm entered RUNNING state, process has stayed up for > than 1 seconds (startsecs)
2019-02-03 06:21:42,121 INFO success: varnish-plugins-watcher entered RUNNING state, process has stayed up for > than 1 seconds (startsecs)
2019-02-03 06:21:42,122 INFO success: nginx entered RUNNING state, process has stayed up for > than 1 seconds (startsecs)
2019-02-03 06:21:42,202 INFO success: MailHog entered RUNNING state, process has stayed up for > than 1 seconds (startsecs)
2019-02-03 06:21:42,203 INFO success: mysql entered RUNNING state, process has stayed up for > than 1 seconds (startsecs)
2019-02-03 06:21:42,203 INFO success: varnish-themes-watcher entered RUNNING state, process has stayed up for > than 1 seconds (startsecs)
2019-02-03 10:05:46,542 WARN received SIGTERM indicating exit request
2019-02-03 10:05:46,543 INFO waiting for varnishd, php-fpm, varnish-plugins-watcher, nginx, MailHog, mysql, varnish-themes-watcher to die
2019-02-03 10:05:47,546 INFO stopped: varnish-themes-watcher (terminated by SIGTERM)
2019-02-03 10:05:47,587 INFO stopped: mysql (exit status 0)
2019-02-03 10:05:47,605 INFO stopped: MailHog (terminated by SIGTERM)
2019-02-03 10:05:47,612 INFO stopped: nginx (exit status 0)
2019-02-03 10:05:48,475 INFO stopped: varnish-plugins-watcher (terminated by SIGTERM)
2019-02-03 10:05:48,476 INFO reaped unknown pid 11109
2019-02-03 10:05:48,502 INFO reaped unknown pid 11111
2019-02-03 10:05:48,535 INFO stopped: php-fpm (exit status 0)
2019-02-03 10:05:49,197 INFO reaped unknown pid 83
2019-02-03 10:05:49,548 INFO waiting for varnishd to die
2019-02-03 10:05:49,865 INFO stopped: varnishd (exit status 0)
2019-02-03 10:06:06,926 CRIT Supervisor running as root (no user in config file)
2019-02-03 10:06:06,929 INFO Included extra file "/etc/supervisor/conf.d/supervisord.conf" during parsing
2019-02-03 10:06:07,204 INFO RPC interface 'supervisor' initialized
2019-02-03 10:06:07,222 CRIT Server 'unix_http_server' running without any HTTP authentication checking
2019-02-03 10:06:07,223 INFO supervisord started with pid 1
2019-02-03 10:06:08,235 INFO spawned: 'varnishd' with pid 52
2019-02-03 10:06:08,244 INFO spawned: 'php-fpm' with pid 53
2019-02-03 10:06:08,252 INFO spawned: 'varnish-plugins-watcher' with pid 54
2019-02-03 10:06:08,272 INFO spawned: 'nginx' with pid 55
2019-02-03 10:06:08,300 INFO spawned: 'MailHog' with pid 56
2019-02-03 10:06:08,328 INFO spawned: 'mysql' with pid 57
2019-02-03 10:06:08,345 INFO spawned: 'varnish-themes-watcher' with pid 58
2019-02-03 10:06:09,588 INFO success: varnishd entered RUNNING state, process has stayed up for > than 1 seconds (startsecs)
2019-02-03 10:06:09,589 INFO success: php-fpm entered RUNNING state, process has stayed up for > than 1 seconds (startsecs)
2019-02-03 10:06:09,589 INFO success: varnish-plugins-watcher entered RUNNING state, process has stayed up for > than 1 seconds (startsecs)
2019-02-03 10:06:09,590 INFO success: nginx entered RUNNING state, process has stayed up for > than 1 seconds (startsecs)
2019-02-03 10:06:09,591 INFO success: MailHog entered RUNNING state, process has stayed up for > than 1 seconds (startsecs)
2019-02-03 10:06:09,592 INFO success: mysql entered RUNNING state, process has stayed up for > than 1 seconds (startsecs)
2019-02-03 10:06:09,592 INFO success: varnish-themes-watcher entered RUNNING state, process has stayed up for > than 1 seconds (startsecs)
2019-02-03 12:31:01,905 WARN received SIGTERM indicating exit request
2019-02-03 12:31:01,905 INFO waiting for varnishd, php-fpm, varnish-plugins-watcher, nginx, MailHog, mysql, varnish-themes-watcher to die
2019-02-03 12:31:02,907 INFO stopped: varnish-themes-watcher (terminated by SIGTERM)
2019-02-03 12:31:02,941 INFO stopped: mysql (exit status 0)
2019-02-03 12:31:02,991 INFO stopped: MailHog (terminated by SIGTERM)
2019-02-03 12:31:03,000 INFO stopped: nginx (exit status 0)
2019-02-03 12:31:04,004 INFO stopped: varnish-plugins-watcher (terminated by SIGTERM)
2019-02-03 12:31:04,051 INFO stopped: php-fpm (exit status 0)
2019-02-03 12:31:04,473 INFO reaped unknown pid 7289
2019-02-03 12:31:04,475 INFO reaped unknown pid 7290
2019-02-03 12:31:04,793 INFO reaped unknown pid 75
2019-02-03 12:31:05,056 INFO waiting for varnishd to die
2019-02-03 12:31:05,273 INFO stopped: varnishd (exit status 0)
2019-02-05 07:06:38,153 CRIT Supervisor running as root (no user in config file)
2019-02-05 07:06:38,166 INFO Included extra file "/etc/supervisor/conf.d/supervisord.conf" during parsing
2019-02-05 07:06:38,315 INFO RPC interface 'supervisor' initialized
2019-02-05 07:06:38,320 CRIT Server 'unix_http_server' running without any HTTP authentication checking
2019-02-05 07:06:38,321 INFO supervisord started with pid 1
2019-02-05 07:06:39,336 INFO spawned: 'varnishd' with pid 71
2019-02-05 07:06:39,355 INFO spawned: 'php-fpm' with pid 72
2019-02-05 07:06:39,370 INFO spawned: 'varnish-plugins-watcher' with pid 73
2019-02-05 07:06:39,431 INFO spawned: 'nginx' with pid 74
2019-02-05 07:06:39,449 INFO spawned: 'MailHog' with pid 76
2019-02-05 07:06:39,468 INFO spawned: 'mysql' with pid 77
2019-02-05 07:06:39,512 INFO spawned: 'varnish-themes-watcher' with pid 79
2019-02-05 07:06:40,402 INFO success: varnishd entered RUNNING state, process has stayed up for > than 1 seconds (startsecs)
2019-02-05 07:06:40,402 INFO success: php-fpm entered RUNNING state, process has stayed up for > than 1 seconds (startsecs)
2019-02-05 07:06:40,403 INFO success: varnish-plugins-watcher entered RUNNING state, process has stayed up for > than 1 seconds (startsecs)
2019-02-05 07:06:40,403 INFO success: nginx entered RUNNING state, process has stayed up for > than 1 seconds (startsecs)
2019-02-05 07:06:40,712 INFO success: MailHog entered RUNNING state, process has stayed up for > than 1 seconds (startsecs)
2019-02-05 07:06:40,713 INFO success: mysql entered RUNNING state, process has stayed up for > than 1 seconds (startsecs)
2019-02-05 07:06:40,713 INFO success: varnish-themes-watcher entered RUNNING state, process has stayed up for > than 1 seconds (startsecs)
2019-02-05 07:08:35,743 WARN received SIGTERM indicating exit request
2019-02-05 07:08:35,743 INFO waiting for varnishd, php-fpm, varnish-plugins-watcher, nginx, MailHog, mysql, varnish-themes-watcher to die
2019-02-05 07:08:36,745 INFO stopped: varnish-themes-watcher (terminated by SIGTERM)
2019-02-05 07:08:36,770 INFO stopped: mysql (exit status 0)
2019-02-05 07:08:36,774 INFO stopped: MailHog (terminated by SIGTERM)
2019-02-05 07:08:36,780 INFO stopped: nginx (exit status 0)
2019-02-05 07:08:37,784 INFO stopped: varnish-plugins-watcher (terminated by SIGTERM)
2019-02-05 07:08:37,825 INFO stopped: php-fpm (exit status 0)
2019-02-05 07:08:38,038 INFO reaped unknown pid 90
2019-02-05 07:08:38,832 INFO waiting for varnishd to die
2019-02-05 07:08:39,047 INFO stopped: varnishd (exit status 0)
2019-02-05 07:08:45,491 CRIT Supervisor running as root (no user in config file)
2019-02-05 07:08:45,494 INFO Included extra file "/etc/supervisor/conf.d/supervisord.conf" during parsing
2019-02-05 07:08:45,719 INFO RPC interface 'supervisor' initialized
2019-02-05 07:08:45,725 CRIT Server 'unix_http_server' running without any HTTP authentication checking
2019-02-05 07:08:45,739 INFO supervisord started with pid 1
2019-02-05 07:08:46,746 INFO spawned: 'varnishd' with pid 53
2019-02-05 07:08:46,756 INFO spawned: 'php-fpm' with pid 54
2019-02-05 07:08:46,765 INFO spawned: 'varnish-plugins-watcher' with pid 55
2019-02-05 07:08:46,777 INFO spawned: 'nginx' with pid 56
2019-02-05 07:08:46,812 INFO spawned: 'MailHog' with pid 57
2019-02-05 07:08:46,822 INFO spawned: 'mysql' with pid 58
2019-02-05 07:08:46,839 INFO spawned: 'varnish-themes-watcher' with pid 59
2019-02-05 07:08:48,104 INFO success: varnishd entered RUNNING state, process has stayed up for > than 1 seconds (startsecs)
2019-02-05 07:08:48,106 INFO success: php-fpm entered RUNNING state, process has stayed up for > than 1 seconds (startsecs)
2019-02-05 07:08:48,106 INFO success: varnish-plugins-watcher entered RUNNING state, process has stayed up for > than 1 seconds (startsecs)
2019-02-05 07:08:48,108 INFO success: nginx entered RUNNING state, process has stayed up for > than 1 seconds (startsecs)
2019-02-05 07:08:48,109 INFO success: MailHog entered RUNNING state, process has stayed up for > than 1 seconds (startsecs)
2019-02-05 07:08:48,110 INFO success: mysql entered RUNNING state, process has stayed up for > than 1 seconds (startsecs)
2019-02-05 07:08:48,110 INFO success: varnish-themes-watcher entered RUNNING state, process has stayed up for > than 1 seconds (startsecs)
2019-02-05 09:52:19,744 INFO exited: varnishd (exit status 0; expected)
2019-02-05 09:52:20,757 INFO spawned: 'varnishd' with pid 8352
2019-02-05 09:52:21,763 INFO success: varnishd entered RUNNING state, process has stayed up for > than 1 seconds (startsecs)
2019-02-06 09:06:04,773 WARN received SIGTERM indicating exit request
2019-02-06 09:06:04,785 INFO waiting for varnishd, php-fpm, varnish-plugins-watcher, nginx, MailHog, mysql, varnish-themes-watcher to die
2019-02-06 09:06:05,788 INFO stopped: varnish-themes-watcher (terminated by SIGTERM)
2019-02-06 09:06:05,815 INFO stopped: mysql (exit status 0)
2019-02-06 09:06:05,822 INFO stopped: MailHog (terminated by SIGTERM)
2019-02-06 09:06:05,831 INFO stopped: nginx (exit status 0)
2019-02-06 09:06:06,835 INFO stopped: varnish-plugins-watcher (terminated by SIGTERM)
2019-02-06 09:06:06,898 INFO stopped: php-fpm (exit status 0)
2019-02-06 09:06:07,672 INFO reaped unknown pid 78
2019-02-06 09:06:07,911 INFO waiting for varnishd to die
2019-02-06 09:06:08,345 INFO stopped: varnishd (exit status 0)
2019-02-06 09:14:56,640 CRIT Supervisor running as root (no user in config file)
2019-02-06 09:14:56,642 INFO Included extra file "/etc/supervisor/conf.d/supervisord.conf" during parsing
2019-02-06 09:14:56,854 INFO RPC interface 'supervisor' initialized
2019-02-06 09:14:56,858 CRIT Server 'unix_http_server' running without any HTTP authentication checking
2019-02-06 09:14:56,859 INFO supervisord started with pid 1
2019-02-06 09:14:57,876 INFO spawned: 'varnishd' with pid 59
2019-02-06 09:14:57,896 INFO spawned: 'php-fpm' with pid 60
2019-02-06 09:14:57,906 INFO spawned: 'varnish-plugins-watcher' with pid 61
2019-02-06 09:14:57,931 INFO spawned: 'nginx' with pid 62
2019-02-06 09:14:57,948 INFO spawned: 'MailHog' with pid 63
2019-02-06 09:14:57,961 INFO spawned: 'mysql' with pid 64
2019-02-06 09:14:57,996 INFO spawned: 'varnish-themes-watcher' with pid 65
2019-02-06 09:14:58,880 INFO success: varnishd entered RUNNING state, process has stayed up for > than 1 seconds (startsecs)
2019-02-06 09:14:58,882 INFO success: php-fpm entered RUNNING state, process has stayed up for > than 1 seconds (startsecs)
2019-02-06 09:14:59,883 INFO success: varnish-plugins-watcher entered RUNNING state, process has stayed up for > than 1 seconds (startsecs)
2019-02-06 09:14:59,884 INFO success: nginx entered RUNNING state, process has stayed up for > than 1 seconds (startsecs)
2019-02-06 09:14:59,884 INFO success: MailHog entered RUNNING state, process has stayed up for > than 1 seconds (startsecs)
2019-02-06 09:14:59,885 INFO success: mysql entered RUNNING state, process has stayed up for > than 1 seconds (startsecs)
2019-02-06 09:14:59,885 INFO success: varnish-themes-watcher entered RUNNING state, process has stayed up for > than 1 seconds (startsecs)
2019-02-06 09:16:18,583 WARN received SIGTERM indicating exit request
2019-02-06 09:16:18,584 INFO waiting for varnishd, php-fpm, varnish-plugins-watcher, nginx, MailHog, mysql, varnish-themes-watcher to die
2019-02-06 09:16:18,584 INFO stopped: varnish-themes-watcher (terminated by SIGTERM)
2019-02-06 09:16:18,633 INFO reaped unknown pid 415
2019-02-06 09:16:18,650 INFO stopped: mysql (exit status 0)
2019-02-06 09:16:18,655 INFO stopped: MailHog (terminated by SIGTERM)
2019-02-06 09:16:18,668 INFO stopped: nginx (exit status 0)
2019-02-06 09:16:18,674 INFO stopped: varnish-plugins-watcher (terminated by SIGTERM)
2019-02-06 09:16:18,678 INFO reaped unknown pid 417
2019-02-06 09:16:18,741 INFO stopped: php-fpm (exit status 0)
2019-02-06 09:16:19,985 INFO stopped: varnishd (exit status 0)
2019-02-06 10:09:55,941 CRIT Supervisor running as root (no user in config file)
2019-02-06 10:09:55,944 INFO Included extra file "/etc/supervisor/conf.d/supervisord.conf" during parsing
2019-02-06 10:09:56,052 INFO RPC interface 'supervisor' initialized
2019-02-06 10:09:56,053 CRIT Server 'unix_http_server' running without any HTTP authentication checking
2019-02-06 10:09:56,053 INFO supervisord started with pid 1
2019-02-06 10:09:57,060 INFO spawned: 'varnishd' with pid 54
2019-02-06 10:09:57,069 INFO spawned: 'php-fpm' with pid 55
2019-02-06 10:09:57,076 INFO spawned: 'varnish-plugins-watcher' with pid 56
2019-02-06 10:09:57,089 INFO spawned: 'nginx' with pid 57
2019-02-06 10:09:57,125 INFO spawned: 'MailHog' with pid 58
2019-02-06 10:09:57,173 INFO spawned: 'mysql' with pid 59
2019-02-06 10:09:57,188 INFO spawned: 'varnish-themes-watcher' with pid 60
2019-02-06 10:09:58,536 INFO success: varnishd entered RUNNING state, process has stayed up for > than 1 seconds (startsecs)
2019-02-06 10:09:58,537 INFO success: php-fpm entered RUNNING state, process has stayed up for > than 1 seconds (startsecs)
2019-02-06 10:09:58,537 INFO success: varnish-plugins-watcher entered RUNNING state, process has stayed up for > than 1 seconds (startsecs)
2019-02-06 10:09:58,537 INFO success: nginx entered RUNNING state, process has stayed up for > than 1 seconds (startsecs)
2019-02-06 10:09:58,538 INFO success: MailHog entered RUNNING state, process has stayed up for > than 1 seconds (startsecs)
2019-02-06 10:09:58,538 INFO success: mysql entered RUNNING state, process has stayed up for > than 1 seconds (startsecs)
2019-02-06 10:09:58,539 INFO success: varnish-themes-watcher entered RUNNING state, process has stayed up for > than 1 seconds (startsecs)
2019-02-06 11:55:09,179 CRIT Supervisor running as root (no user in config file)
2019-02-06 11:55:09,191 INFO Included extra file "/etc/supervisor/conf.d/supervisord.conf" during parsing
2019-02-06 11:55:09,880 INFO RPC interface 'supervisor' initialized
2019-02-06 11:55:09,881 CRIT Server 'unix_http_server' running without any HTTP authentication checking
2019-02-06 11:55:09,881 INFO supervisord started with pid 1
2019-02-06 11:55:10,984 INFO spawned: 'varnishd' with pid 71
2019-02-06 11:55:11,110 INFO spawned: 'php-fpm' with pid 72
2019-02-06 11:55:11,117 INFO spawned: 'varnish-plugins-watcher' with pid 73
2019-02-06 11:55:11,575 INFO spawned: 'nginx' with pid 78
2019-02-06 11:55:11,583 INFO spawned: 'MailHog' with pid 79
2019-02-06 11:55:11,639 INFO spawned: 'mysql' with pid 80
2019-02-06 11:55:11,647 INFO spawned: 'varnish-themes-watcher' with pid 81
2019-02-06 11:55:12,656 INFO success: varnishd entered RUNNING state, process has stayed up for > than 1 seconds (startsecs)
2019-02-06 11:55:12,656 INFO success: php-fpm entered RUNNING state, process has stayed up for > than 1 seconds (startsecs)
2019-02-06 11:55:12,657 INFO success: varnish-plugins-watcher entered RUNNING state, process has stayed up for > than 1 seconds (startsecs)
2019-02-06 11:55:12,657 INFO success: nginx entered RUNNING state, process has stayed up for > than 1 seconds (startsecs)
2019-02-06 11:55:12,657 INFO success: MailHog entered RUNNING state, process has stayed up for > than 1 seconds (startsecs)
2019-02-06 11:55:12,657 INFO success: mysql entered RUNNING state, process has stayed up for > than 1 seconds (startsecs)
2019-02-06 11:55:12,658 INFO success: varnish-themes-watcher entered RUNNING state, process has stayed up for > than 1 seconds (startsecs)
2019-02-06 13:12:00,599 WARN received SIGTERM indicating exit request
2019-02-06 13:12:00,599 INFO waiting for varnishd, php-fpm, varnish-plugins-watcher, nginx, MailHog, mysql, varnish-themes-watcher to die
2019-02-06 13:12:01,600 INFO stopped: varnish-themes-watcher (terminated by SIGTERM)
2019-02-06 13:12:01,637 INFO stopped: mysql (exit status 0)
2019-02-06 13:12:01,640 INFO stopped: MailHog (terminated by SIGTERM)
2019-02-06 13:12:01,647 INFO stopped: nginx (exit status 0)
2019-02-06 13:12:02,651 INFO stopped: varnish-plugins-watcher (terminated by SIGTERM)
2019-02-06 13:12:02,696 INFO reaped unknown pid 4068
2019-02-06 13:12:02,698 INFO reaped unknown pid 4069
2019-02-06 13:12:02,709 INFO stopped: php-fpm (exit status 0)
2019-02-06 13:12:03,057 INFO reaped unknown pid 86
2019-02-06 13:12:03,717 INFO waiting for varnishd to die
2019-02-06 13:12:03,919 INFO stopped: varnishd (exit status 0)
2019-02-07 06:23:25,556 CRIT Supervisor running as root (no user in config file)
2019-02-07 06:23:25,557 INFO Included extra file "/etc/supervisor/conf.d/supervisord.conf" during parsing
2019-02-07 06:23:25,663 INFO RPC interface 'supervisor' initialized
2019-02-07 06:23:25,663 CRIT Server 'unix_http_server' running without any HTTP authentication checking
2019-02-07 06:23:25,664 INFO supervisord started with pid 1
2019-02-07 06:23:26,670 INFO spawned: 'varnishd' with pid 53
2019-02-07 06:23:26,680 INFO spawned: 'php-fpm' with pid 54
2019-02-07 06:23:26,685 INFO spawned: 'varnish-plugins-watcher' with pid 55
2019-02-07 06:23:26,695 INFO spawned: 'nginx' with pid 56
2019-02-07 06:23:26,703 INFO spawned: 'MailHog' with pid 57
2019-02-07 06:23:26,731 INFO spawned: 'mysql' with pid 58
2019-02-07 06:23:26,760 INFO spawned: 'varnish-themes-watcher' with pid 59
2019-02-07 06:23:28,291 INFO success: varnishd entered RUNNING state, process has stayed up for > than 1 seconds (startsecs)
2019-02-07 06:23:28,292 INFO success: php-fpm entered RUNNING state, process has stayed up for > than 1 seconds (startsecs)
2019-02-07 06:23:28,292 INFO success: varnish-plugins-watcher entered RUNNING state, process has stayed up for > than 1 seconds (startsecs)
2019-02-07 06:23:28,293 INFO success: nginx entered RUNNING state, process has stayed up for > than 1 seconds (startsecs)
2019-02-07 06:23:28,293 INFO success: MailHog entered RUNNING state, process has stayed up for > than 1 seconds (startsecs)
2019-02-07 06:23:28,293 INFO success: mysql entered RUNNING state, process has stayed up for > than 1 seconds (startsecs)
2019-02-07 06:23:28,293 INFO success: varnish-themes-watcher entered RUNNING state, process has stayed up for > than 1 seconds (startsecs)
