[23-Jan-2019 12:49:27] NOTICE: fpm is running, pid 16
[23-Jan-2019 12:49:27] NOTICE: ready to handle connections
[23-Jan-2019 13:28:04] NOTICE: Terminating ...
[23-Jan-2019 13:28:04] NOTICE: exiting, bye-bye!
[23-Jan-2019 13:28:37] NOTICE: fpm is running, pid 53
[23-Jan-2019 13:28:37] NOTICE: ready to handle connections
[23-Jan-2019 13:30:29] NOTICE: Terminating ...
[23-Jan-2019 13:30:29] NOTICE: exiting, bye-bye!
[26-Jan-2019 07:22:14] NOTICE: fpm is running, pid 22
[26-Jan-2019 07:22:14] NOTICE: ready to handle connections
[26-Jan-2019 13:14:56] NOTICE: Terminating ...
[26-Jan-2019 13:14:56] NOTICE: exiting, bye-bye!
[29-Jan-2019 08:46:00] NOTICE: fpm is running, pid 69
[29-Jan-2019 08:46:00] NOTICE: ready to handle connections
[29-Jan-2019 08:46:13] NOTICE: Terminating ...
[29-Jan-2019 08:46:13] NOTICE: exiting, bye-bye!
[29-Jan-2019 08:46:22] NOTICE: fpm is running, pid 54
[29-Jan-2019 08:46:22] NOTICE: ready to handle connections
[29-Jan-2019 08:46:42] NOTICE: Terminating ...
[29-Jan-2019 08:46:42] NOTICE: exiting, bye-bye!
[29-Jan-2019 08:48:49] NOTICE: fpm is running, pid 56
[29-Jan-2019 08:48:49] NOTICE: ready to handle connections
[02-Feb-2019 13:31:13] NOTICE: Terminating ...
[02-Feb-2019 13:31:13] NOTICE: exiting, bye-bye!
[03-Feb-2019 06:21:42] NOTICE: fpm is running, pid 62
[03-Feb-2019 06:21:42] NOTICE: ready to handle connections
[03-Feb-2019 10:05:48] NOTICE: Terminating ...
[03-Feb-2019 10:05:48] NOTICE: exiting, bye-bye!
[03-Feb-2019 10:06:08] NOTICE: fpm is running, pid 53
[03-Feb-2019 10:06:08] NOTICE: ready to handle connections
[03-Feb-2019 12:31:04] NOTICE: Terminating ...
[03-Feb-2019 12:31:04] NOTICE: exiting, bye-bye!
[05-Feb-2019 07:06:40] NOTICE: fpm is running, pid 72
[05-Feb-2019 07:06:40] NOTICE: ready to handle connections
[05-Feb-2019 07:08:37] NOTICE: Terminating ...
[05-Feb-2019 07:08:37] NOTICE: exiting, bye-bye!
[05-Feb-2019 07:08:47] NOTICE: fpm is running, pid 54
[05-Feb-2019 07:08:47] NOTICE: ready to handle connections
[06-Feb-2019 09:06:06] NOTICE: Terminating ...
[06-Feb-2019 09:06:06] NOTICE: exiting, bye-bye!
[06-Feb-2019 09:14:58] NOTICE: fpm is running, pid 60
[06-Feb-2019 09:14:58] NOTICE: ready to handle connections
[06-Feb-2019 09:16:18] NOTICE: Terminating ...
[06-Feb-2019 09:16:18] NOTICE: exiting, bye-bye!
[06-Feb-2019 10:09:57] NOTICE: fpm is running, pid 55
[06-Feb-2019 10:09:57] NOTICE: ready to handle connections
[06-Feb-2019 11:55:14] NOTICE: fpm is running, pid 72
[06-Feb-2019 11:55:14] NOTICE: ready to handle connections
[06-Feb-2019 13:12:02] NOTICE: Terminating ...
[06-Feb-2019 13:12:02] NOTICE: exiting, bye-bye!
[07-Feb-2019 06:23:27] NOTICE: fpm is running, pid 54
[07-Feb-2019 06:23:27] NOTICE: ready to handle connections
